[debug] [2022-08-26T14:52:13.179Z] ----------------------------------------------------------------------
[debug] [2022-08-26T14:52:13.181Z] Command:       C:\Program Files\nodejs\node.exe C:\Users\Raja\AppData\Roaming\npm\node_modules\firebase-tools\lib\bin\firebase.js deploy --only hosting --project websites
[debug] [2022-08-26T14:52:13.181Z] CLI Version:   11.0.0
[debug] [2022-08-26T14:52:13.182Z] Platform:      win32
[debug] [2022-08-26T14:52:13.182Z] Node Version:  v18.2.0
[debug] [2022-08-26T14:52:13.183Z] Time:          Fri Aug 26 2022 20:22:13 GMT+0530 (India Standard Time)
[debug] [2022-08-26T14:52:13.183Z] ----------------------------------------------------------------------
[debug] 
[debug] [2022-08-26T14:52:13.283Z] > command requires scopes: ["email","openid","https://www.googleapis.com/auth/cloudplatformprojects.readonly","https://www.googleapis.com/auth/firebase","https://www.googleapis.com/auth/cloud-platform"]
[debug] [2022-08-26T14:52:13.283Z] > authorizing via signed-in user (digisailordev@gmail.com)
[debug] [2022-08-26T14:52:13.283Z] [iam] checking project websites for permissions ["firebase.projects.get","firebasehosting.sites.update"]
[debug] [2022-08-26T14:52:13.286Z] >>> [apiv2][query] POST https://cloudresourcemanager.googleapis.com/v1/projects/websites:testIamPermissions [none]
[debug] [2022-08-26T14:52:13.286Z] >>> [apiv2][body] POST https://cloudresourcemanager.googleapis.com/v1/projects/websites:testIamPermissions {"permissions":["firebase.projects.get","firebasehosting.sites.update"]}
[debug] [2022-08-26T14:52:15.176Z] <<< [apiv2][status] POST https://cloudresourcemanager.googleapis.com/v1/projects/websites:testIamPermissions 200
[debug] [2022-08-26T14:52:15.176Z] <<< [apiv2][body] POST https://cloudresourcemanager.googleapis.com/v1/projects/websites:testIamPermissions {}
[debug] [2022-08-26T14:52:15.177Z] [iam] error while checking permissions, command may fail: FirebaseError: Authorization failed. This account is missing the following required permissions on project websites:

  firebase.projects.get
  firebasehosting.sites.update
[debug] [2022-08-26T14:52:15.179Z] >>> [apiv2][query] GET https://firebase.googleapis.com/v1beta1/projects/websites [none]
[debug] [2022-08-26T14:52:15.753Z] <<< [apiv2][status] GET https://firebase.googleapis.com/v1beta1/projects/websites 403
[debug] [2022-08-26T14:52:15.753Z] <<< [apiv2][body] GET https://firebase.googleapis.com/v1beta1/projects/websites {"error":{"code":403,"message":"The caller does not have permission","status":"PERMISSION_DENIED"}}
[debug] [2022-08-26T14:52:15.755Z] HTTP Error: 403, The caller does not have permission
[debug] [2022-08-26T14:52:15.895Z] FirebaseError: HTTP Error: 403, The caller does not have permission
    at module.exports (C:\Users\Raja\AppData\Roaming\npm\node_modules\firebase-tools\lib\responseToError.js:47:12)
    at RetryOperation._fn (C:\Users\Raja\AppData\Roaming\npm\node_modules\firebase-tools\lib\apiv2.js:286:39)
    at process.processTicksAndRejections (node:internal/process/task_queues:95:5)
[error] 
[error] Error: Failed to get Firebase project websites. Please make sure the project exists and your account has permission to access it.
[debug] [2022-08-26T14:53:14.651Z] ----------------------------------------------------------------------
[debug] [2022-08-26T14:53:14.653Z] Command:       C:\Program Files\nodejs\node.exe C:\Users\Raja\AppData\Roaming\npm\node_modules\firebase-tools\lib\bin\firebase.js deploy --only hosting:graspsoftware
[debug] [2022-08-26T14:53:14.654Z] CLI Version:   11.0.0
[debug] [2022-08-26T14:53:14.654Z] Platform:      win32
[debug] [2022-08-26T14:53:14.654Z] Node Version:  v18.2.0
[debug] [2022-08-26T14:53:14.655Z] Time:          Fri Aug 26 2022 20:23:14 GMT+0530 (India Standard Time)
[debug] [2022-08-26T14:53:14.655Z] ----------------------------------------------------------------------
[debug] 
[debug] [2022-08-26T14:53:14.735Z] >>> [apiv2][query] GET https://firebase.googleapis.com/v1beta1/projects/undefined [none]
[debug] [2022-08-26T14:53:15.359Z] <<< [apiv2][status] GET https://firebase.googleapis.com/v1beta1/projects/undefined 403
[debug] [2022-08-26T14:53:15.359Z] <<< [apiv2][body] GET https://firebase.googleapis.com/v1beta1/projects/undefined {"error":{"code":403,"message":"The caller does not have permission","status":"PERMISSION_DENIED"}}
[debug] [2022-08-26T14:53:15.362Z] HTTP Error: 403, The caller does not have permission
[debug] [2022-08-26T14:53:15.515Z] FirebaseError: HTTP Error: 403, The caller does not have permission
    at module.exports (C:\Users\Raja\AppData\Roaming\npm\node_modules\firebase-tools\lib\responseToError.js:47:12)
    at RetryOperation._fn (C:\Users\Raja\AppData\Roaming\npm\node_modules\firebase-tools\lib\apiv2.js:286:39)
    at process.processTicksAndRejections (node:internal/process/task_queues:95:5)
[error] 
[error] Error: Failed to get Firebase project undefined. Please make sure the project exists and your account has permission to access it.
[debug] [2022-08-26T14:53:27.357Z] ----------------------------------------------------------------------
[debug] [2022-08-26T14:53:27.359Z] Command:       C:\Program Files\nodejs\node.exe C:\Users\Raja\AppData\Roaming\npm\node_modules\firebase-tools\lib\bin\firebase.js deploy --only hosting:graspsoftware --project websites
[debug] [2022-08-26T14:53:27.360Z] CLI Version:   11.0.0
[debug] [2022-08-26T14:53:27.360Z] Platform:      win32
[debug] [2022-08-26T14:53:27.360Z] Node Version:  v18.2.0
[debug] [2022-08-26T14:53:27.361Z] Time:          Fri Aug 26 2022 20:23:27 GMT+0530 (India Standard Time)
[debug] [2022-08-26T14:53:27.361Z] ----------------------------------------------------------------------
[debug] 
[debug] [2022-08-26T14:53:27.432Z] > command requires scopes: ["email","openid","https://www.googleapis.com/auth/cloudplatformprojects.readonly","https://www.googleapis.com/auth/firebase","https://www.googleapis.com/auth/cloud-platform"]
[debug] [2022-08-26T14:53:27.433Z] > authorizing via signed-in user (digisailordev@gmail.com)
[debug] [2022-08-26T14:53:27.433Z] [iam] checking project websites for permissions ["firebase.projects.get","firebasehosting.sites.update"]
[debug] [2022-08-26T14:53:27.435Z] >>> [apiv2][query] POST https://cloudresourcemanager.googleapis.com/v1/projects/websites:testIamPermissions [none]
[debug] [2022-08-26T14:53:27.436Z] >>> [apiv2][body] POST https://cloudresourcemanager.googleapis.com/v1/projects/websites:testIamPermissions {"permissions":["firebase.projects.get","firebasehosting.sites.update"]}
[debug] [2022-08-26T14:53:29.470Z] <<< [apiv2][status] POST https://cloudresourcemanager.googleapis.com/v1/projects/websites:testIamPermissions 200
[debug] [2022-08-26T14:53:29.470Z] <<< [apiv2][body] POST https://cloudresourcemanager.googleapis.com/v1/projects/websites:testIamPermissions {}
[debug] [2022-08-26T14:53:29.471Z] [iam] error while checking permissions, command may fail: FirebaseError: Authorization failed. This account is missing the following required permissions on project websites:

  firebase.projects.get
  firebasehosting.sites.update
[debug] [2022-08-26T14:53:29.472Z] >>> [apiv2][query] GET https://firebase.googleapis.com/v1beta1/projects/websites [none]
[debug] [2022-08-26T14:53:30.180Z] <<< [apiv2][status] GET https://firebase.googleapis.com/v1beta1/projects/websites 403
[debug] [2022-08-26T14:53:30.180Z] <<< [apiv2][body] GET https://firebase.googleapis.com/v1beta1/projects/websites {"error":{"code":403,"message":"The caller does not have permission","status":"PERMISSION_DENIED"}}
[debug] [2022-08-26T14:53:30.181Z] HTTP Error: 403, The caller does not have permission
[debug] [2022-08-26T14:53:30.334Z] FirebaseError: HTTP Error: 403, The caller does not have permission
    at module.exports (C:\Users\Raja\AppData\Roaming\npm\node_modules\firebase-tools\lib\responseToError.js:47:12)
    at RetryOperation._fn (C:\Users\Raja\AppData\Roaming\npm\node_modules\firebase-tools\lib\apiv2.js:286:39)
    at process.processTicksAndRejections (node:internal/process/task_queues:95:5)
[error] 
[error] Error: Failed to get Firebase project websites. Please make sure the project exists and your account has permission to access it.
[debug] [2022-08-26T14:57:57.751Z] ----------------------------------------------------------------------
[debug] [2022-08-26T14:57:57.753Z] Command:       C:\Program Files\nodejs\node.exe C:\Users\Raja\AppData\Roaming\npm\node_modules\firebase-tools\lib\bin\firebase.js deploy --only hosting:graspsoft --project webhost
[debug] [2022-08-26T14:57:57.753Z] CLI Version:   11.0.0
[debug] [2022-08-26T14:57:57.754Z] Platform:      win32
[debug] [2022-08-26T14:57:57.754Z] Node Version:  v18.2.0
[debug] [2022-08-26T14:57:57.755Z] Time:          Fri Aug 26 2022 20:27:57 GMT+0530 (India Standard Time)
[debug] [2022-08-26T14:57:57.755Z] ----------------------------------------------------------------------
[debug] 
[debug] [2022-08-26T14:57:57.827Z] > command requires scopes: ["email","openid","https://www.googleapis.com/auth/cloudplatformprojects.readonly","https://www.googleapis.com/auth/firebase","https://www.googleapis.com/auth/cloud-platform"]
[debug] [2022-08-26T14:57:57.827Z] > authorizing via signed-in user (digisailordev@gmail.com)
[debug] [2022-08-26T14:57:57.827Z] [iam] checking project webhost for permissions ["firebase.projects.get","firebasehosting.sites.update"]
[debug] [2022-08-26T14:57:57.830Z] >>> [apiv2][query] POST https://cloudresourcemanager.googleapis.com/v1/projects/webhost:testIamPermissions [none]
[debug] [2022-08-26T14:57:57.830Z] >>> [apiv2][body] POST https://cloudresourcemanager.googleapis.com/v1/projects/webhost:testIamPermissions {"permissions":["firebase.projects.get","firebasehosting.sites.update"]}
[debug] [2022-08-26T14:57:59.511Z] <<< [apiv2][status] POST https://cloudresourcemanager.googleapis.com/v1/projects/webhost:testIamPermissions 200
[debug] [2022-08-26T14:57:59.512Z] <<< [apiv2][body] POST https://cloudresourcemanager.googleapis.com/v1/projects/webhost:testIamPermissions {}
[debug] [2022-08-26T14:57:59.512Z] [iam] error while checking permissions, command may fail: FirebaseError: Authorization failed. This account is missing the following required permissions on project webhost:

  firebase.projects.get
  firebasehosting.sites.update
[debug] [2022-08-26T14:57:59.515Z] >>> [apiv2][query] GET https://firebase.googleapis.com/v1beta1/projects/webhost [none]
[debug] [2022-08-26T14:58:00.399Z] <<< [apiv2][status] GET https://firebase.googleapis.com/v1beta1/projects/webhost 403
[debug] [2022-08-26T14:58:00.400Z] <<< [apiv2][body] GET https://firebase.googleapis.com/v1beta1/projects/webhost {"error":{"code":403,"message":"The caller does not have permission","status":"PERMISSION_DENIED"}}
[debug] [2022-08-26T14:58:00.403Z] HTTP Error: 403, The caller does not have permission
[debug] [2022-08-26T14:58:00.578Z] FirebaseError: HTTP Error: 403, The caller does not have permission
    at module.exports (C:\Users\Raja\AppData\Roaming\npm\node_modules\firebase-tools\lib\responseToError.js:47:12)
    at RetryOperation._fn (C:\Users\Raja\AppData\Roaming\npm\node_modules\firebase-tools\lib\apiv2.js:286:39)
    at process.processTicksAndRejections (node:internal/process/task_queues:95:5)
[error] 
[error] Error: Failed to get Firebase project webhost. Please make sure the project exists and your account has permission to access it.
[debug] [2022-08-26T14:58:19.047Z] ----------------------------------------------------------------------
[debug] [2022-08-26T14:58:19.049Z] Command:       C:\Program Files\nodejs\node.exe C:\Users\Raja\AppData\Roaming\npm\node_modules\firebase-tools\lib\bin\firebase.js deploy --only hosting:graspsoft --project webhost
[debug] [2022-08-26T14:58:19.049Z] CLI Version:   11.0.0
[debug] [2022-08-26T14:58:19.050Z] Platform:      win32
[debug] [2022-08-26T14:58:19.050Z] Node Version:  v18.2.0
[debug] [2022-08-26T14:58:19.051Z] Time:          Fri Aug 26 2022 20:28:19 GMT+0530 (India Standard Time)
[debug] [2022-08-26T14:58:19.051Z] ----------------------------------------------------------------------
[debug] 
[debug] [2022-08-26T14:58:19.122Z] > command requires scopes: ["email","openid","https://www.googleapis.com/auth/cloudplatformprojects.readonly","https://www.googleapis.com/auth/firebase","https://www.googleapis.com/auth/cloud-platform"]
[debug] [2022-08-26T14:58:19.122Z] > authorizing via signed-in user (digisailordev@gmail.com)
[debug] [2022-08-26T14:58:19.122Z] [iam] checking project webhost for permissions ["firebase.projects.get","firebasehosting.sites.update"]
[debug] [2022-08-26T14:58:19.125Z] >>> [apiv2][query] POST https://cloudresourcemanager.googleapis.com/v1/projects/webhost:testIamPermissions [none]
[debug] [2022-08-26T14:58:19.126Z] >>> [apiv2][body] POST https://cloudresourcemanager.googleapis.com/v1/projects/webhost:testIamPermissions {"permissions":["firebase.projects.get","firebasehosting.sites.update"]}
[debug] [2022-08-26T14:58:20.652Z] <<< [apiv2][status] POST https://cloudresourcemanager.googleapis.com/v1/projects/webhost:testIamPermissions 200
[debug] [2022-08-26T14:58:20.652Z] <<< [apiv2][body] POST https://cloudresourcemanager.googleapis.com/v1/projects/webhost:testIamPermissions {}
[debug] [2022-08-26T14:58:20.653Z] [iam] error while checking permissions, command may fail: FirebaseError: Authorization failed. This account is missing the following required permissions on project webhost:

  firebase.projects.get
  firebasehosting.sites.update
[debug] [2022-08-26T14:58:20.656Z] >>> [apiv2][query] GET https://firebase.googleapis.com/v1beta1/projects/webhost [none]
[debug] [2022-08-26T14:58:21.105Z] <<< [apiv2][status] GET https://firebase.googleapis.com/v1beta1/projects/webhost 403
[debug] [2022-08-26T14:58:21.105Z] <<< [apiv2][body] GET https://firebase.googleapis.com/v1beta1/projects/webhost {"error":{"code":403,"message":"The caller does not have permission","status":"PERMISSION_DENIED"}}
[debug] [2022-08-26T14:58:21.107Z] HTTP Error: 403, The caller does not have permission
[debug] [2022-08-26T14:58:21.258Z] FirebaseError: HTTP Error: 403, The caller does not have permission
    at module.exports (C:\Users\Raja\AppData\Roaming\npm\node_modules\firebase-tools\lib\responseToError.js:47:12)
    at RetryOperation._fn (C:\Users\Raja\AppData\Roaming\npm\node_modules\firebase-tools\lib\apiv2.js:286:39)
    at process.processTicksAndRejections (node:internal/process/task_queues:95:5)
[error] 
[error] Error: Failed to get Firebase project webhost. Please make sure the project exists and your account has permission to access it.
[debug] [2022-08-26T14:59:10.997Z] ----------------------------------------------------------------------
[debug] [2022-08-26T14:59:10.999Z] Command:       C:\Program Files\nodejs\node.exe C:\Users\Raja\AppData\Roaming\npm\node_modules\firebase-tools\lib\bin\firebase.js deploy --only hosting:graspsoft --project webhost
[debug] [2022-08-26T14:59:11.000Z] CLI Version:   11.0.0
[debug] [2022-08-26T14:59:11.000Z] Platform:      win32
[debug] [2022-08-26T14:59:11.000Z] Node Version:  v18.2.0
[debug] [2022-08-26T14:59:11.001Z] Time:          Fri Aug 26 2022 20:29:11 GMT+0530 (India Standard Time)
[debug] [2022-08-26T14:59:11.001Z] ----------------------------------------------------------------------
[debug] 
[debug] [2022-08-26T14:59:11.075Z] > command requires scopes: ["email","openid","https://www.googleapis.com/auth/cloudplatformprojects.readonly","https://www.googleapis.com/auth/firebase","https://www.googleapis.com/auth/cloud-platform"]
[debug] [2022-08-26T14:59:11.076Z] > authorizing via signed-in user (digisailordev@gmail.com)
[debug] [2022-08-26T14:59:11.076Z] [iam] checking project webhost for permissions ["firebase.projects.get","firebasehosting.sites.update"]
[debug] [2022-08-26T14:59:11.078Z] >>> [apiv2][query] POST https://cloudresourcemanager.googleapis.com/v1/projects/webhost:testIamPermissions [none]
[debug] [2022-08-26T14:59:11.079Z] >>> [apiv2][body] POST https://cloudresourcemanager.googleapis.com/v1/projects/webhost:testIamPermissions {"permissions":["firebase.projects.get","firebasehosting.sites.update"]}
[debug] [2022-08-26T14:59:12.631Z] <<< [apiv2][status] POST https://cloudresourcemanager.googleapis.com/v1/projects/webhost:testIamPermissions 200
[debug] [2022-08-26T14:59:12.631Z] <<< [apiv2][body] POST https://cloudresourcemanager.googleapis.com/v1/projects/webhost:testIamPermissions {}
[debug] [2022-08-26T14:59:12.631Z] [iam] error while checking permissions, command may fail: FirebaseError: Authorization failed. This account is missing the following required permissions on project webhost:

  firebase.projects.get
  firebasehosting.sites.update
[debug] [2022-08-26T14:59:12.633Z] >>> [apiv2][query] GET https://firebase.googleapis.com/v1beta1/projects/webhost [none]
[debug] [2022-08-26T14:59:13.209Z] <<< [apiv2][status] GET https://firebase.googleapis.com/v1beta1/projects/webhost 403
[debug] [2022-08-26T14:59:13.209Z] <<< [apiv2][body] GET https://firebase.googleapis.com/v1beta1/projects/webhost {"error":{"code":403,"message":"The caller does not have permission","status":"PERMISSION_DENIED"}}
[debug] [2022-08-26T14:59:13.210Z] HTTP Error: 403, The caller does not have permission
[debug] [2022-08-26T14:59:13.342Z] FirebaseError: HTTP Error: 403, The caller does not have permission
    at module.exports (C:\Users\Raja\AppData\Roaming\npm\node_modules\firebase-tools\lib\responseToError.js:47:12)
    at RetryOperation._fn (C:\Users\Raja\AppData\Roaming\npm\node_modules\firebase-tools\lib\apiv2.js:286:39)
    at process.processTicksAndRejections (node:internal/process/task_queues:95:5)
[error] 
[error] Error: Failed to get Firebase project webhost. Please make sure the project exists and your account has permission to access it.
[debug] [2022-08-26T14:59:20.700Z] ----------------------------------------------------------------------
[debug] [2022-08-26T14:59:20.702Z] Command:       C:\Program Files\nodejs\node.exe C:\Users\Raja\AppData\Roaming\npm\node_modules\firebase-tools\lib\bin\firebase.js deploy --only hosting:graspsoft --project webhost
[debug] [2022-08-26T14:59:20.702Z] CLI Version:   11.0.0
[debug] [2022-08-26T14:59:20.703Z] Platform:      win32
[debug] [2022-08-26T14:59:20.703Z] Node Version:  v18.2.0
[debug] [2022-08-26T14:59:20.704Z] Time:          Fri Aug 26 2022 20:29:20 GMT+0530 (India Standard Time)
[debug] [2022-08-26T14:59:20.704Z] ----------------------------------------------------------------------
[debug] 
[debug] [2022-08-26T14:59:20.777Z] > command requires scopes: ["email","openid","https://www.googleapis.com/auth/cloudplatformprojects.readonly","https://www.googleapis.com/auth/firebase","https://www.googleapis.com/auth/cloud-platform"]
[debug] [2022-08-26T14:59:20.777Z] > authorizing via signed-in user (digisailordev@gmail.com)
[debug] [2022-08-26T14:59:20.777Z] [iam] checking project webhost for permissions ["firebase.projects.get","firebasehosting.sites.update"]
[debug] [2022-08-26T14:59:20.779Z] >>> [apiv2][query] POST https://cloudresourcemanager.googleapis.com/v1/projects/webhost:testIamPermissions [none]
[debug] [2022-08-26T14:59:20.780Z] >>> [apiv2][body] POST https://cloudresourcemanager.googleapis.com/v1/projects/webhost:testIamPermissions {"permissions":["firebase.projects.get","firebasehosting.sites.update"]}
[debug] [2022-08-26T14:59:22.364Z] <<< [apiv2][status] POST https://cloudresourcemanager.googleapis.com/v1/projects/webhost:testIamPermissions 200
[debug] [2022-08-26T14:59:22.365Z] <<< [apiv2][body] POST https://cloudresourcemanager.googleapis.com/v1/projects/webhost:testIamPermissions {}
[debug] [2022-08-26T14:59:22.366Z] [iam] error while checking permissions, command may fail: FirebaseError: Authorization failed. This account is missing the following required permissions on project webhost:

  firebase.projects.get
  firebasehosting.sites.update
[debug] [2022-08-26T14:59:22.369Z] >>> [apiv2][query] GET https://firebase.googleapis.com/v1beta1/projects/webhost [none]
[debug] [2022-08-26T14:59:22.783Z] <<< [apiv2][status] GET https://firebase.googleapis.com/v1beta1/projects/webhost 403
[debug] [2022-08-26T14:59:22.784Z] <<< [apiv2][body] GET https://firebase.googleapis.com/v1beta1/projects/webhost {"error":{"code":403,"message":"The caller does not have permission","status":"PERMISSION_DENIED"}}
[debug] [2022-08-26T14:59:22.786Z] HTTP Error: 403, The caller does not have permission
[debug] [2022-08-26T14:59:22.940Z] FirebaseError: HTTP Error: 403, The caller does not have permission
    at module.exports (C:\Users\Raja\AppData\Roaming\npm\node_modules\firebase-tools\lib\responseToError.js:47:12)
    at RetryOperation._fn (C:\Users\Raja\AppData\Roaming\npm\node_modules\firebase-tools\lib\apiv2.js:286:39)
    at process.processTicksAndRejections (node:internal/process/task_queues:95:5)
[error] 
[error] Error: Failed to get Firebase project webhost. Please make sure the project exists and your account has permission to access it.
[debug] [2022-08-26T14:59:45.658Z] ----------------------------------------------------------------------
[debug] [2022-08-26T14:59:45.660Z] Command:       C:\Program Files\nodejs\node.exe C:\Users\Raja\AppData\Roaming\npm\node_modules\firebase-tools\lib\bin\firebase.js deploy --only hosting:graspsoft --project webhost
[debug] [2022-08-26T14:59:45.661Z] CLI Version:   11.0.0
[debug] [2022-08-26T14:59:45.661Z] Platform:      win32
[debug] [2022-08-26T14:59:45.661Z] Node Version:  v18.2.0
[debug] [2022-08-26T14:59:45.662Z] Time:          Fri Aug 26 2022 20:29:45 GMT+0530 (India Standard Time)
[debug] [2022-08-26T14:59:45.662Z] ----------------------------------------------------------------------
[debug] 
[debug] [2022-08-26T14:59:45.735Z] > command requires scopes: ["email","openid","https://www.googleapis.com/auth/cloudplatformprojects.readonly","https://www.googleapis.com/auth/firebase","https://www.googleapis.com/auth/cloud-platform"]
[debug] [2022-08-26T14:59:45.735Z] > authorizing via signed-in user (digisailordev@gmail.com)
[debug] [2022-08-26T14:59:45.735Z] [iam] checking project webhost for permissions ["firebase.projects.get","firebasehosting.sites.update"]
[debug] [2022-08-26T14:59:45.738Z] >>> [apiv2][query] POST https://cloudresourcemanager.googleapis.com/v1/projects/webhost:testIamPermissions [none]
[debug] [2022-08-26T14:59:45.738Z] >>> [apiv2][body] POST https://cloudresourcemanager.googleapis.com/v1/projects/webhost:testIamPermissions {"permissions":["firebase.projects.get","firebasehosting.sites.update"]}
[debug] [2022-08-26T14:59:47.324Z] <<< [apiv2][status] POST https://cloudresourcemanager.googleapis.com/v1/projects/webhost:testIamPermissions 200
[debug] [2022-08-26T14:59:47.324Z] <<< [apiv2][body] POST https://cloudresourcemanager.googleapis.com/v1/projects/webhost:testIamPermissions {}
[debug] [2022-08-26T14:59:47.324Z] [iam] error while checking permissions, command may fail: FirebaseError: Authorization failed. This account is missing the following required permissions on project webhost:

  firebase.projects.get
  firebasehosting.sites.update
[debug] [2022-08-26T14:59:47.326Z] >>> [apiv2][query] GET https://firebase.googleapis.com/v1beta1/projects/webhost [none]
[debug] [2022-08-26T14:59:47.991Z] <<< [apiv2][status] GET https://firebase.googleapis.com/v1beta1/projects/webhost 403
[debug] [2022-08-26T14:59:47.992Z] <<< [apiv2][body] GET https://firebase.googleapis.com/v1beta1/projects/webhost {"error":{"code":403,"message":"The caller does not have permission","status":"PERMISSION_DENIED"}}
[debug] [2022-08-26T14:59:47.993Z] HTTP Error: 403, The caller does not have permission
[debug] [2022-08-26T14:59:48.140Z] FirebaseError: HTTP Error: 403, The caller does not have permission
    at module.exports (C:\Users\Raja\AppData\Roaming\npm\node_modules\firebase-tools\lib\responseToError.js:47:12)
    at RetryOperation._fn (C:\Users\Raja\AppData\Roaming\npm\node_modules\firebase-tools\lib\apiv2.js:286:39)
    at process.processTicksAndRejections (node:internal/process/task_queues:95:5)
[error] 
[error] Error: Failed to get Firebase project webhost. Please make sure the project exists and your account has permission to access it.
